{"/Users/batarypa/Workspaces/components/nodejs-twitter-crawler/lib/twitter-crawler.js":{"path":"/Users/batarypa/Workspaces/components/nodejs-twitter-crawler/lib/twitter-crawler.js","s":{"1":1,"2":1,"3":1,"4":1,"5":1,"6":1,"7":1,"8":1,"9":1,"10":1,"11":1,"12":1,"13":0,"14":1,"15":0,"16":1,"17":0,"18":1,"19":0,"20":0,"21":0,"22":0,"23":1,"24":8,"25":8,"26":8,"27":8,"28":8,"29":8,"30":8,"31":8,"32":8,"33":8,"34":24,"35":24,"36":24,"37":24,"38":24,"39":24,"40":0,"41":0,"42":24,"43":0,"44":0,"45":24,"46":24,"47":24,"48":0,"49":0,"50":0,"51":0,"52":0,"53":0,"54":0,"55":0,"56":0,"57":0,"58":0,"59":0,"60":0,"61":24,"62":24,"63":24,"64":24,"65":24,"66":24,"67":24,"68":0,"69":0,"70":24,"71":24,"72":0,"73":0,"74":0,"75":24,"76":0,"77":17,"78":17,"79":0,"80":17,"81":17,"82":17,"83":17,"84":19,"85":19,"86":19,"87":17,"88":17,"89":17,"90":17,"91":0,"92":0,"93":0,"94":17,"95":17,"96":17,"97":11,"98":6,"99":6,"100":6,"101":6,"102":6,"103":2,"104":2,"105":2,"106":19,"107":8,"108":8,"109":13,"110":13,"111":12,"112":12,"113":1,"114":13,"115":5,"116":5},"b":{"1":[0,0],"2":[0,0],"3":[0,0],"4":[0,0],"5":[8,8],"6":[24,0],"7":[0,24],"8":[0,24],"9":[0,0],"10":[0,0],"11":[24,0],"12":[0,24],"13":[0,17],"14":[1,16],"15":[12,5],"16":[17,0],"17":[17,2],"18":[0,17],"19":[11,6],"20":[17,17],"21":[6,0],"22":[2,0],"23":[12,1],"24":[13,1],"25":[4,8]},"f":{"1":0,"2":8,"3":8,"4":8,"5":24,"6":24,"7":24,"8":0,"9":0,"10":24,"11":24,"12":0,"13":17,"14":17,"15":17,"16":19,"17":8,"18":13,"19":5},"fnMap":{"1":{"name":"errorMessage","line":62,"loc":{"start":{"line":62,"column":0},"end":{"line":62,"column":54}}},"2":{"name":"(anonymous_2)","line":78,"loc":{"start":{"line":78,"column":13},"end":{"line":78,"column":36}}},"3":{"name":"(anonymous_3)","line":85,"loc":{"start":{"line":85,"column":16},"end":{"line":85,"column":33}}},"4":{"name":"(anonymous_4)","line":92,"loc":{"start":{"line":92,"column":17},"end":{"line":92,"column":31}}},"5":{"name":"(anonymous_5)","line":96,"loc":{"start":{"line":96,"column":12},"end":{"line":96,"column":15}}},"6":{"name":"(anonymous_6)","line":102,"loc":{"start":{"line":102,"column":11},"end":{"line":102,"column":14}}},"7":{"name":"(anonymous_7)","line":121,"loc":{"start":{"line":121,"column":16},"end":{"line":121,"column":25}}},"8":{"name":"(anonymous_8)","line":127,"loc":{"start":{"line":127,"column":18},"end":{"line":127,"column":26}}},"9":{"name":"(anonymous_9)","line":131,"loc":{"start":{"line":131,"column":13},"end":{"line":131,"column":44}}},"10":{"name":"(anonymous_10)","line":150,"loc":{"start":{"line":150,"column":5},"end":{"line":150,"column":25}}},"11":{"name":"(anonymous_11)","line":181,"loc":{"start":{"line":181,"column":5},"end":{"line":181,"column":17}}},"12":{"name":"(anonymous_12)","line":185,"loc":{"start":{"line":185,"column":6},"end":{"line":185,"column":18}}},"13":{"name":"(anonymous_13)","line":189,"loc":{"start":{"line":189,"column":13},"end":{"line":189,"column":34}}},"14":{"name":"(anonymous_14)","line":199,"loc":{"start":{"line":199,"column":12},"end":{"line":199,"column":37}}},"15":{"name":"(anonymous_15)","line":203,"loc":{"start":{"line":203,"column":14},"end":{"line":203,"column":35}}},"16":{"name":"(anonymous_16)","line":207,"loc":{"start":{"line":207,"column":13},"end":{"line":207,"column":53}}},"17":{"name":"(anonymous_17)","line":272,"loc":{"start":{"line":272,"column":11},"end":{"line":272,"column":32}}},"18":{"name":"(anonymous_18)","line":281,"loc":{"start":{"line":281,"column":19},"end":{"line":281,"column":38}}},"19":{"name":"(anonymous_19)","line":294,"loc":{"start":{"line":294,"column":9},"end":{"line":294,"column":18}}}},"statementMap":{"1":{"start":{"line":19,"column":0},"end":{"line":19,"column":31}},"2":{"start":{"line":20,"column":0},"end":{"line":20,"column":41}},"3":{"start":{"line":21,"column":0},"end":{"line":21,"column":36}},"4":{"start":{"line":23,"column":0},"end":{"line":25,"column":26}},"5":{"start":{"line":27,"column":0},"end":{"line":27,"column":45}},"6":{"start":{"line":29,"column":0},"end":{"line":34,"column":24}},"7":{"start":{"line":36,"column":0},"end":{"line":36,"column":22}},"8":{"start":{"line":39,"column":0},"end":{"line":39,"column":31}},"9":{"start":{"line":40,"column":0},"end":{"line":40,"column":36}},"10":{"start":{"line":43,"column":0},"end":{"line":46,"column":4}},"11":{"start":{"line":48,"column":0},"end":{"line":50,"column":26}},"12":{"start":{"line":52,"column":0},"end":{"line":53,"column":47}},"13":{"start":{"line":53,"column":2},"end":{"line":53,"column":46}},"14":{"start":{"line":56,"column":0},"end":{"line":57,"column":43}},"15":{"start":{"line":57,"column":2},"end":{"line":57,"column":42}},"16":{"start":{"line":59,"column":0},"end":{"line":60,"column":46}},"17":{"start":{"line":60,"column":2},"end":{"line":60,"column":45}},"18":{"start":{"line":62,"column":0},"end":{"line":73,"column":1}},"19":{"start":{"line":63,"column":2},"end":{"line":66,"column":4}},"20":{"start":{"line":68,"column":2},"end":{"line":70,"column":3}},"21":{"start":{"line":69,"column":4},"end":{"line":69,"column":51}},"22":{"start":{"line":72,"column":2},"end":{"line":72,"column":17}},"23":{"start":{"line":76,"column":0},"end":{"line":299,"column":1}},"24":{"start":{"line":79,"column":4},"end":{"line":79,"column":52}},"25":{"start":{"line":80,"column":4},"end":{"line":80,"column":33}},"26":{"start":{"line":81,"column":4},"end":{"line":81,"column":19}},"27":{"start":{"line":82,"column":4},"end":{"line":82,"column":58}},"28":{"start":{"line":86,"column":4},"end":{"line":86,"column":49}},"29":{"start":{"line":87,"column":4},"end":{"line":87,"column":29}},"30":{"start":{"line":88,"column":4},"end":{"line":88,"column":25}},"31":{"start":{"line":89,"column":4},"end":{"line":89,"column":18}},"32":{"start":{"line":93,"column":4},"end":{"line":93,"column":71}},"33":{"start":{"line":93,"column":44},"end":{"line":93,"column":70}},"34":{"start":{"line":97,"column":4},"end":{"line":97,"column":55}},"35":{"start":{"line":98,"column":4},"end":{"line":98,"column":20}},"36":{"start":{"line":99,"column":4},"end":{"line":99,"column":35}},"37":{"start":{"line":103,"column":4},"end":{"line":103,"column":35}},"38":{"start":{"line":104,"column":4},"end":{"line":104,"column":20}},"39":{"start":{"line":106,"column":4},"end":{"line":109,"column":5}},"40":{"start":{"line":107,"column":6},"end":{"line":107,"column":19}},"41":{"start":{"line":108,"column":6},"end":{"line":108,"column":33}},"42":{"start":{"line":111,"column":4},"end":{"line":116,"column":5}},"43":{"start":{"line":112,"column":6},"end":{"line":112,"column":52}},"44":{"start":{"line":113,"column":6},"end":{"line":113,"column":20}},"45":{"start":{"line":115,"column":6},"end":{"line":115,"column":72}},"46":{"start":{"line":118,"column":4},"end":{"line":118,"column":18}},"47":{"start":{"line":122,"column":4},"end":{"line":124,"column":5}},"48":{"start":{"line":123,"column":6},"end":{"line":123,"column":61}},"49":{"start":{"line":128,"column":4},"end":{"line":128,"column":32}},"50":{"start":{"line":132,"column":4},"end":{"line":132,"column":61}},"51":{"start":{"line":134,"column":4},"end":{"line":137,"column":5}},"52":{"start":{"line":135,"column":6},"end":{"line":135,"column":28}},"53":{"start":{"line":136,"column":6},"end":{"line":136,"column":26}},"54":{"start":{"line":139,"column":4},"end":{"line":139,"column":16}},"55":{"start":{"line":140,"column":4},"end":{"line":146,"column":5}},"56":{"start":{"line":141,"column":6},"end":{"line":141,"column":62}},"57":{"start":{"line":142,"column":6},"end":{"line":142,"column":34}},"58":{"start":{"line":144,"column":6},"end":{"line":144,"column":30}},"59":{"start":{"line":145,"column":6},"end":{"line":145,"column":36}},"60":{"start":{"line":147,"column":4},"end":{"line":147,"column":19}},"61":{"start":{"line":151,"column":4},"end":{"line":151,"column":30}},"62":{"start":{"line":152,"column":4},"end":{"line":152,"column":32}},"63":{"start":{"line":153,"column":4},"end":{"line":178,"column":7}},"64":{"start":{"line":154,"column":6},"end":{"line":154,"column":38}},"65":{"start":{"line":156,"column":6},"end":{"line":176,"column":7}},"66":{"start":{"line":158,"column":8},"end":{"line":168,"column":9}},"67":{"start":{"line":160,"column":10},"end":{"line":167,"column":11}},"68":{"start":{"line":161,"column":12},"end":{"line":164,"column":29}},"69":{"start":{"line":162,"column":26},"end":{"line":162,"column":53}},"70":{"start":{"line":166,"column":12},"end":{"line":166,"column":26}},"71":{"start":{"line":170,"column":8},"end":{"line":170,"column":53}},"72":{"start":{"line":173,"column":10},"end":{"line":173,"column":79}},"73":{"start":{"line":174,"column":10},"end":{"line":174,"column":29}},"74":{"start":{"line":175,"column":10},"end":{"line":175,"column":37}},"75":{"start":{"line":182,"column":4},"end":{"line":182,"column":38}},"76":{"start":{"line":186,"column":4},"end":{"line":186,"column":39}},"77":{"start":{"line":190,"column":4},"end":{"line":190,"column":17}},"78":{"start":{"line":191,"column":4},"end":{"line":195,"column":5}},"79":{"start":{"line":192,"column":6},"end":{"line":192,"column":29}},"80":{"start":{"line":194,"column":6},"end":{"line":194,"column":59}},"81":{"start":{"line":196,"column":4},"end":{"line":196,"column":20}},"82":{"start":{"line":200,"column":4},"end":{"line":200,"column":54}},"83":{"start":{"line":204,"column":4},"end":{"line":204,"column":47}},"84":{"start":{"line":208,"column":4},"end":{"line":269,"column":7}},"85":{"start":{"line":210,"column":6},"end":{"line":263,"column":8}},"86":{"start":{"line":211,"column":8},"end":{"line":261,"column":9}},"87":{"start":{"line":212,"column":10},"end":{"line":212,"column":46}},"88":{"start":{"line":213,"column":10},"end":{"line":213,"column":50}},"89":{"start":{"line":214,"column":10},"end":{"line":214,"column":69}},"90":{"start":{"line":216,"column":10},"end":{"line":253,"column":11}},"91":{"start":{"line":217,"column":12},"end":{"line":221,"column":14}},"92":{"start":{"line":222,"column":12},"end":{"line":222,"column":31}},"93":{"start":{"line":223,"column":12},"end":{"line":223,"column":39}},"94":{"start":{"line":225,"column":12},"end":{"line":230,"column":14}},"95":{"start":{"line":232,"column":12},"end":{"line":232,"column":73}},"96":{"start":{"line":233,"column":12},"end":{"line":252,"column":13}},"97":{"start":{"line":234,"column":14},"end":{"line":240,"column":30}},"98":{"start":{"line":242,"column":14},"end":{"line":242,"column":51}},"99":{"start":{"line":243,"column":14},"end":{"line":245,"column":15}},"100":{"start":{"line":244,"column":16},"end":{"line":244,"column":109}},"101":{"start":{"line":247,"column":14},"end":{"line":250,"column":16}},"102":{"start":{"line":251,"column":14},"end":{"line":251,"column":36}},"103":{"start":{"line":255,"column":10},"end":{"line":255,"column":49}},"104":{"start":{"line":256,"column":10},"end":{"line":259,"column":12}},"105":{"start":{"line":260,"column":10},"end":{"line":260,"column":31}},"106":{"start":{"line":265,"column":6},"end":{"line":267,"column":23}},"107":{"start":{"line":273,"column":4},"end":{"line":277,"column":7}},"108":{"start":{"line":278,"column":4},"end":{"line":278,"column":45}},"109":{"start":{"line":282,"column":4},"end":{"line":282,"column":16}},"110":{"start":{"line":283,"column":4},"end":{"line":290,"column":5}},"111":{"start":{"line":284,"column":6},"end":{"line":284,"column":28}},"112":{"start":{"line":285,"column":6},"end":{"line":287,"column":52}},"113":{"start":{"line":289,"column":6},"end":{"line":289,"column":23}},"114":{"start":{"line":291,"column":4},"end":{"line":291,"column":37}},"115":{"start":{"line":295,"column":4},"end":{"line":295,"column":55}},"116":{"start":{"line":296,"column":4},"end":{"line":296,"column":43}}},"branchMap":{"1":{"line":53,"type":"binary-expr","locations":[{"start":{"line":53,"column":2},"end":{"line":53,"column":12}},{"start":{"line":53,"column":17},"end":{"line":53,"column":45}}]},"2":{"line":53,"type":"cond-expr","locations":[{"start":{"line":53,"column":28},"end":{"line":53,"column":41}},{"start":{"line":53,"column":44},"end":{"line":53,"column":45}}]},"3":{"line":68,"type":"if","locations":[{"start":{"line":68,"column":2},"end":{"line":68,"column":2}},{"start":{"line":68,"column":2},"end":{"line":68,"column":2}}]},"4":{"line":68,"type":"binary-expr","locations":[{"start":{"line":68,"column":6},"end":{"line":68,"column":28}},{"start":{"line":68,"column":32},"end":{"line":68,"column":52}}]},"5":{"line":80,"type":"binary-expr","locations":[{"start":{"line":80,"column":19},"end":{"line":80,"column":26}},{"start":{"line":80,"column":30},"end":{"line":80,"column":32}}]},"6":{"line":106,"type":"binary-expr","locations":[{"start":{"line":106,"column":11},"end":{"line":106,"column":25}},{"start":{"line":106,"column":29},"end":{"line":106,"column":59}}]},"7":{"line":111,"type":"if","locations":[{"start":{"line":111,"column":4},"end":{"line":111,"column":4}},{"start":{"line":111,"column":4},"end":{"line":111,"column":4}}]},"8":{"line":122,"type":"if","locations":[{"start":{"line":122,"column":4},"end":{"line":122,"column":4}},{"start":{"line":122,"column":4},"end":{"line":122,"column":4}}]},"9":{"line":134,"type":"if","locations":[{"start":{"line":134,"column":4},"end":{"line":134,"column":4}},{"start":{"line":134,"column":4},"end":{"line":134,"column":4}}]},"10":{"line":140,"type":"if","locations":[{"start":{"line":140,"column":4},"end":{"line":140,"column":4}},{"start":{"line":140,"column":4},"end":{"line":140,"column":4}}]},"11":{"line":156,"type":"if","locations":[{"start":{"line":156,"column":6},"end":{"line":156,"column":6}},{"start":{"line":156,"column":6},"end":{"line":156,"column":6}}]},"12":{"line":160,"type":"if","locations":[{"start":{"line":160,"column":10},"end":{"line":160,"column":10}},{"start":{"line":160,"column":10},"end":{"line":160,"column":10}}]},"13":{"line":191,"type":"if","locations":[{"start":{"line":191,"column":4},"end":{"line":191,"column":4}},{"start":{"line":191,"column":4},"end":{"line":191,"column":4}}]},"14":{"line":194,"type":"cond-expr","locations":[{"start":{"line":194,"column":39},"end":{"line":194,"column":50}},{"start":{"line":194,"column":53},"end":{"line":194,"column":58}}]},"15":{"line":200,"type":"cond-expr","locations":[{"start":{"line":200,"column":23},"end":{"line":200,"column":47}},{"start":{"line":200,"column":49},"end":{"line":200,"column":53}}]},"16":{"line":204,"type":"cond-expr","locations":[{"start":{"line":204,"column":19},"end":{"line":204,"column":38}},{"start":{"line":204,"column":41},"end":{"line":204,"column":46}}]},"17":{"line":211,"type":"if","locations":[{"start":{"line":211,"column":8},"end":{"line":211,"column":8}},{"start":{"line":211,"column":8},"end":{"line":211,"column":8}}]},"18":{"line":216,"type":"if","locations":[{"start":{"line":216,"column":10},"end":{"line":216,"column":10}},{"start":{"line":216,"column":10},"end":{"line":216,"column":10}}]},"19":{"line":233,"type":"if","locations":[{"start":{"line":233,"column":12},"end":{"line":233,"column":12}},{"start":{"line":233,"column":12},"end":{"line":233,"column":12}}]},"20":{"line":233,"type":"binary-expr","locations":[{"start":{"line":233,"column":17},"end":{"line":233,"column":42}},{"start":{"line":233,"column":46},"end":{"line":233,"column":105}}]},"21":{"line":243,"type":"if","locations":[{"start":{"line":243,"column":14},"end":{"line":243,"column":14}},{"start":{"line":243,"column":14},"end":{"line":243,"column":14}}]},"22":{"line":257,"type":"cond-expr","locations":[{"start":{"line":257,"column":65},"end":{"line":257,"column":89}},{"start":{"line":257,"column":92},"end":{"line":257,"column":106}}]},"23":{"line":283,"type":"if","locations":[{"start":{"line":283,"column":4},"end":{"line":283,"column":4}},{"start":{"line":283,"column":4},"end":{"line":283,"column":4}}]},"24":{"line":283,"type":"binary-expr","locations":[{"start":{"line":283,"column":8},"end":{"line":283,"column":24}},{"start":{"line":283,"column":28},"end":{"line":283,"column":47}}]},"25":{"line":285,"type":"cond-expr","locations":[{"start":{"line":286,"column":10},"end":{"line":286,"column":30}},{"start":{"line":287,"column":10},"end":{"line":287,"column":51}}]}}},"/Users/batarypa/Workspaces/components/nodejs-twitter-crawler/lib/utilities/index.js":{"path":"/Users/batarypa/Workspaces/components/nodejs-twitter-crawler/lib/utilities/index.js","s":{"1":1,"2":1,"3":13,"4":1},"b":{},"f":{},"fnMap":{},"statementMap":{"1":{"start":{"line":19,"column":0},"end":{"line":19,"column":42}},"2":{"start":{"line":21,"column":0},"end":{"line":21,"column":45}},"3":{"start":{"line":21,"column":25},"end":{"line":21,"column":44}},"4":{"start":{"line":23,"column":0},"end":{"line":25,"column":2}}},"branchMap":{}},"/Users/batarypa/Workspaces/components/nodejs-twitter-crawler/lib/credentials.js":{"path":"/Users/batarypa/Workspaces/components/nodejs-twitter-crawler/lib/credentials.js","s":{"1":1,"2":1,"3":11,"4":24,"5":22,"6":11,"7":11,"8":12,"9":12,"10":48,"11":48,"12":0,"13":0,"14":0,"15":11,"16":11,"17":11,"18":0,"19":11,"20":0,"21":11,"22":11,"23":11,"24":0,"25":11},"b":{"1":[24,2],"2":[11,9],"3":[48,0],"4":[0,48],"5":[0,0],"6":[0,11],"7":[0,11],"8":[2,9],"9":[0,11]},"f":{"1":11,"2":24,"3":22,"4":11,"5":11,"6":12,"7":11,"8":11,"9":11},"fnMap":{"1":{"name":"(anonymous_1)","line":30,"loc":{"start":{"line":30,"column":13},"end":{"line":30,"column":27}}},"2":{"name":"(anonymous_2)","line":35,"loc":{"start":{"line":35,"column":11},"end":{"line":35,"column":15}}},"3":{"name":"(anonymous_3)","line":39,"loc":{"start":{"line":39,"column":9},"end":{"line":39,"column":23}}},"4":{"name":"(anonymous_4)","line":43,"loc":{"start":{"line":43,"column":5},"end":{"line":43,"column":8}}},"5":{"name":"(anonymous_5)","line":47,"loc":{"start":{"line":47,"column":11},"end":{"line":47,"column":25}}},"6":{"name":"(anonymous_6)","line":51,"loc":{"start":{"line":51,"column":20},"end":{"line":51,"column":36}}},"7":{"name":"(anonymous_7)","line":67,"loc":{"start":{"line":67,"column":21},"end":{"line":67,"column":35}}},"8":{"name":"(anonymous_8)","line":71,"loc":{"start":{"line":71,"column":23},"end":{"line":71,"column":37}}},"9":{"name":"(anonymous_9)","line":75,"loc":{"start":{"line":75,"column":10},"end":{"line":75,"column":24}}}},"statementMap":{"1":{"start":{"line":19,"column":0},"end":{"line":26,"column":30}},"2":{"start":{"line":28,"column":0},"end":{"line":93,"column":2}},"3":{"start":{"line":31,"column":4},"end":{"line":31,"column":51}},"4":{"start":{"line":36,"column":4},"end":{"line":36,"column":47}},"5":{"start":{"line":40,"column":4},"end":{"line":40,"column":46}},"6":{"start":{"line":44,"column":4},"end":{"line":44,"column":43}},"7":{"start":{"line":48,"column":4},"end":{"line":48,"column":57}},"8":{"start":{"line":52,"column":4},"end":{"line":52,"column":124}},"9":{"start":{"line":54,"column":4},"end":{"line":64,"column":7}},"10":{"start":{"line":55,"column":6},"end":{"line":63,"column":7}},"11":{"start":{"line":56,"column":8},"end":{"line":58,"column":9}},"12":{"start":{"line":57,"column":10},"end":{"line":57,"column":85}},"13":{"start":{"line":60,"column":8},"end":{"line":62,"column":9}},"14":{"start":{"line":61,"column":10},"end":{"line":61,"column":76}},"15":{"start":{"line":68,"column":4},"end":{"line":68,"column":49}},"16":{"start":{"line":72,"column":4},"end":{"line":72,"column":48}},"17":{"start":{"line":76,"column":4},"end":{"line":77,"column":54}},"18":{"start":{"line":77,"column":6},"end":{"line":77,"column":54}},"19":{"start":{"line":79,"column":4},"end":{"line":80,"column":97}},"20":{"start":{"line":80,"column":6},"end":{"line":80,"column":97}},"21":{"start":{"line":82,"column":4},"end":{"line":82,"column":76}},"22":{"start":{"line":84,"column":4},"end":{"line":84,"column":43}},"23":{"start":{"line":86,"column":4},"end":{"line":88,"column":5}},"24":{"start":{"line":87,"column":6},"end":{"line":87,"column":69}},"25":{"start":{"line":90,"column":4},"end":{"line":90,"column":24}}},"branchMap":{"1":{"line":36,"type":"binary-expr","locations":[{"start":{"line":36,"column":11},"end":{"line":36,"column":33}},{"start":{"line":36,"column":37},"end":{"line":36,"column":46}}]},"2":{"line":48,"type":"binary-expr","locations":[{"start":{"line":48,"column":11},"end":{"line":48,"column":31}},{"start":{"line":48,"column":35},"end":{"line":48,"column":56}}]},"3":{"line":55,"type":"if","locations":[{"start":{"line":55,"column":6},"end":{"line":55,"column":6}},{"start":{"line":55,"column":6},"end":{"line":55,"column":6}}]},"4":{"line":56,"type":"if","locations":[{"start":{"line":56,"column":8},"end":{"line":56,"column":8}},{"start":{"line":56,"column":8},"end":{"line":56,"column":8}}]},"5":{"line":60,"type":"if","locations":[{"start":{"line":60,"column":8},"end":{"line":60,"column":8}},{"start":{"line":60,"column":8},"end":{"line":60,"column":8}}]},"6":{"line":76,"type":"if","locations":[{"start":{"line":76,"column":4},"end":{"line":76,"column":4}},{"start":{"line":76,"column":4},"end":{"line":76,"column":4}}]},"7":{"line":79,"type":"if","locations":[{"start":{"line":79,"column":4},"end":{"line":79,"column":4}},{"start":{"line":79,"column":4},"end":{"line":79,"column":4}}]},"8":{"line":82,"type":"cond-expr","locations":[{"start":{"line":82,"column":48},"end":{"line":82,"column":59}},{"start":{"line":82,"column":62},"end":{"line":82,"column":75}}]},"9":{"line":86,"type":"if","locations":[{"start":{"line":86,"column":4},"end":{"line":86,"column":4}},{"start":{"line":86,"column":4},"end":{"line":86,"column":4}}]}}},"/Users/batarypa/Workspaces/components/nodejs-twitter-crawler/examples/crawl.js":{"path":"/Users/batarypa/Workspaces/components/nodejs-twitter-crawler/examples/crawl.js","s":{"1":1,"2":1,"3":1,"4":1,"5":1,"6":1,"7":1,"8":1,"9":3,"10":1,"11":6,"12":1,"13":1,"14":1,"15":3,"16":3,"17":3,"18":3,"19":3,"20":3,"21":3,"22":3,"23":3},"b":{"1":[1,0]},"f":{"1":6},"fnMap":{"1":{"name":"saveOutput","line":38,"loc":{"start":{"line":38,"column":0},"end":{"line":38,"column":35}}}},"statementMap":{"1":{"start":{"line":17,"column":0},"end":{"line":17,"column":57}},"2":{"start":{"line":18,"column":0},"end":{"line":18,"column":25}},"3":{"start":{"line":19,"column":0},"end":{"line":19,"column":31}},"4":{"start":{"line":20,"column":0},"end":{"line":20,"column":36}},"5":{"start":{"line":22,"column":0},"end":{"line":23,"column":85}},"6":{"start":{"line":23,"column":2},"end":{"line":23,"column":84}},"7":{"start":{"line":25,"column":0},"end":{"line":33,"column":32}},"8":{"start":{"line":36,"column":0},"end":{"line":36,"column":61}},"9":{"start":{"line":36,"column":33},"end":{"line":36,"column":60}},"10":{"start":{"line":38,"column":0},"end":{"line":40,"column":1}},"11":{"start":{"line":39,"column":2},"end":{"line":39,"column":83}},"12":{"start":{"line":43,"column":0},"end":{"line":43,"column":48}},"13":{"start":{"line":44,"column":0},"end":{"line":48,"column":2}},"14":{"start":{"line":51,"column":0},"end":{"line":77,"column":4}},"15":{"start":{"line":53,"column":2},"end":{"line":53,"column":57}},"16":{"start":{"line":54,"column":2},"end":{"line":76,"column":31}},"17":{"start":{"line":56,"column":6},"end":{"line":59,"column":8}},"18":{"start":{"line":61,"column":6},"end":{"line":61,"column":53}},"19":{"start":{"line":64,"column":6},"end":{"line":64,"column":38}},"20":{"start":{"line":65,"column":6},"end":{"line":74,"column":11}},"21":{"start":{"line":67,"column":10},"end":{"line":70,"column":12}},"22":{"start":{"line":72,"column":10},"end":{"line":72,"column":61}},"23":{"start":{"line":73,"column":10},"end":{"line":73,"column":41}}},"branchMap":{"1":{"line":23,"type":"cond-expr","locations":[{"start":{"line":23,"column":36},"end":{"line":23,"column":79}},{"start":{"line":23,"column":82},"end":{"line":23,"column":84}}]}}}}