TN:
SF:/Users/batarypa/Workspaces/components/nodejs-twitter-crawler/lib/twitter-crawler.js
FN:62,errorMessage
FN:78,(anonymous_2)
FN:85,(anonymous_3)
FN:92,(anonymous_4)
FN:96,(anonymous_5)
FN:102,(anonymous_6)
FN:121,(anonymous_7)
FN:127,(anonymous_8)
FN:131,(anonymous_9)
FN:150,(anonymous_10)
FN:181,(anonymous_11)
FN:185,(anonymous_12)
FN:189,(anonymous_13)
FN:199,(anonymous_14)
FN:203,(anonymous_15)
FN:207,(anonymous_16)
FN:272,(anonymous_17)
FN:281,(anonymous_18)
FN:294,(anonymous_19)
FNF:19
FNH:15
FNDA:0,errorMessage
FNDA:8,(anonymous_2)
FNDA:8,(anonymous_3)
FNDA:8,(anonymous_4)
FNDA:24,(anonymous_5)
FNDA:24,(anonymous_6)
FNDA:24,(anonymous_7)
FNDA:0,(anonymous_8)
FNDA:0,(anonymous_9)
FNDA:24,(anonymous_10)
FNDA:24,(anonymous_11)
FNDA:0,(anonymous_12)
FNDA:17,(anonymous_13)
FNDA:17,(anonymous_14)
FNDA:17,(anonymous_15)
FNDA:19,(anonymous_16)
FNDA:8,(anonymous_17)
FNDA:13,(anonymous_18)
FNDA:5,(anonymous_19)
DA:19,1
DA:20,1
DA:21,1
DA:23,1
DA:27,1
DA:29,1
DA:36,1
DA:39,1
DA:40,1
DA:43,1
DA:48,1
DA:52,1
DA:53,0
DA:56,1
DA:57,0
DA:59,1
DA:60,0
DA:62,1
DA:63,0
DA:68,0
DA:69,0
DA:72,0
DA:76,1
DA:79,8
DA:80,8
DA:81,8
DA:82,8
DA:86,8
DA:87,8
DA:88,8
DA:89,8
DA:93,8
DA:97,24
DA:98,24
DA:99,24
DA:103,24
DA:104,24
DA:106,24
DA:107,0
DA:108,0
DA:111,24
DA:112,0
DA:113,0
DA:115,24
DA:118,24
DA:122,24
DA:123,0
DA:128,0
DA:132,0
DA:134,0
DA:135,0
DA:136,0
DA:139,0
DA:140,0
DA:141,0
DA:142,0
DA:144,0
DA:145,0
DA:147,0
DA:151,24
DA:152,24
DA:153,24
DA:154,24
DA:156,24
DA:158,24
DA:160,24
DA:161,0
DA:162,0
DA:166,24
DA:170,24
DA:173,0
DA:174,0
DA:175,0
DA:182,24
DA:186,0
DA:190,17
DA:191,17
DA:192,0
DA:194,17
DA:196,17
DA:200,17
DA:204,17
DA:208,19
DA:210,19
DA:211,19
DA:212,17
DA:213,17
DA:214,17
DA:216,17
DA:217,0
DA:222,0
DA:223,0
DA:225,17
DA:232,17
DA:233,17
DA:234,11
DA:242,6
DA:243,6
DA:244,6
DA:247,6
DA:251,6
DA:255,2
DA:256,2
DA:260,2
DA:265,19
DA:273,8
DA:278,8
DA:282,13
DA:283,13
DA:284,12
DA:285,12
DA:289,1
DA:291,13
DA:295,5
DA:296,5
LF:115
LH:81
BRDA:53,1,0,0
BRDA:53,1,1,0
BRDA:53,2,0,0
BRDA:53,2,1,0
BRDA:68,3,0,0
BRDA:68,3,1,0
BRDA:68,4,0,0
BRDA:68,4,1,0
BRDA:80,5,0,8
BRDA:80,5,1,8
BRDA:106,6,0,24
BRDA:106,6,1,0
BRDA:111,7,0,0
BRDA:111,7,1,24
BRDA:122,8,0,0
BRDA:122,8,1,24
BRDA:134,9,0,0
BRDA:134,9,1,0
BRDA:140,10,0,0
BRDA:140,10,1,0
BRDA:156,11,0,24
BRDA:156,11,1,0
BRDA:160,12,0,0
BRDA:160,12,1,24
BRDA:191,13,0,0
BRDA:191,13,1,17
BRDA:194,14,0,1
BRDA:194,14,1,16
BRDA:200,15,0,12
BRDA:200,15,1,5
BRDA:204,16,0,17
BRDA:204,16,1,0
BRDA:211,17,0,17
BRDA:211,17,1,2
BRDA:216,18,0,0
BRDA:216,18,1,17
BRDA:233,19,0,11
BRDA:233,19,1,6
BRDA:233,20,0,17
BRDA:233,20,1,17
BRDA:243,21,0,6
BRDA:243,21,1,0
BRDA:257,22,0,2
BRDA:257,22,1,0
BRDA:283,23,0,12
BRDA:283,23,1,1
BRDA:283,24,0,13
BRDA:283,24,1,1
BRDA:285,25,0,4
BRDA:285,25,1,8
BRF:50
BRH:28
end_of_record
TN:
SF:/Users/batarypa/Workspaces/components/nodejs-twitter-crawler/lib/utilities/index.js
FNF:0
FNH:0
DA:19,1
DA:21,13
DA:23,1
LF:3
LH:3
BRF:0
BRH:0
end_of_record
TN:
SF:/Users/batarypa/Workspaces/components/nodejs-twitter-crawler/lib/credentials.js
FN:30,(anonymous_1)
FN:35,(anonymous_2)
FN:39,(anonymous_3)
FN:43,(anonymous_4)
FN:47,(anonymous_5)
FN:51,(anonymous_6)
FN:67,(anonymous_7)
FN:71,(anonymous_8)
FN:75,(anonymous_9)
FNF:9
FNH:9
FNDA:11,(anonymous_1)
FNDA:24,(anonymous_2)
FNDA:22,(anonymous_3)
FNDA:11,(anonymous_4)
FNDA:11,(anonymous_5)
FNDA:12,(anonymous_6)
FNDA:11,(anonymous_7)
FNDA:11,(anonymous_8)
FNDA:11,(anonymous_9)
DA:19,1
DA:28,1
DA:31,11
DA:36,24
DA:40,22
DA:44,11
DA:48,11
DA:52,12
DA:54,12
DA:55,48
DA:56,48
DA:57,0
DA:60,0
DA:61,0
DA:68,11
DA:72,11
DA:76,11
DA:77,0
DA:79,11
DA:80,0
DA:82,11
DA:84,11
DA:86,11
DA:87,0
DA:90,11
LF:25
LH:19
BRDA:36,1,0,24
BRDA:36,1,1,2
BRDA:48,2,0,11
BRDA:48,2,1,9
BRDA:55,3,0,48
BRDA:55,3,1,0
BRDA:56,4,0,0
BRDA:56,4,1,48
BRDA:60,5,0,0
BRDA:60,5,1,0
BRDA:76,6,0,0
BRDA:76,6,1,11
BRDA:79,7,0,0
BRDA:79,7,1,11
BRDA:82,8,0,2
BRDA:82,8,1,9
BRDA:86,9,0,0
BRDA:86,9,1,11
BRF:18
BRH:11
end_of_record
TN:
SF:/Users/batarypa/Workspaces/components/nodejs-twitter-crawler/examples/crawl.js
FN:38,saveOutput
FNF:1
FNH:1
FNDA:6,saveOutput
DA:17,1
DA:18,1
DA:19,1
DA:20,1
DA:22,1
DA:23,1
DA:25,1
DA:36,3
DA:38,1
DA:39,6
DA:43,1
DA:44,1
DA:51,1
DA:53,3
DA:54,3
DA:56,3
DA:61,3
DA:64,3
DA:65,3
DA:67,3
DA:72,3
DA:73,3
LF:22
LH:22
BRDA:23,1,0,1
BRDA:23,1,1,0
BRF:2
BRH:1
end_of_record
