TN:
SF:/Users/batarypa/Workspaces/components/nodejs-twitter-crawler/lib/twitter-crawler.js
FN:62,errorMessage
FN:78,(anonymous_2)
FN:85,(anonymous_3)
FN:92,(anonymous_4)
FN:96,(anonymous_5)
FN:102,(anonymous_6)
FN:121,(anonymous_7)
FN:127,(anonymous_8)
FN:131,(anonymous_9)
FN:150,(anonymous_10)
FN:181,(anonymous_11)
FN:185,(anonymous_12)
FN:189,(anonymous_13)
FN:199,(anonymous_14)
FN:203,(anonymous_15)
FN:207,(anonymous_16)
FN:263,(anonymous_17)
FN:273,(anonymous_18)
FN:286,(anonymous_19)
FNF:19
FNH:15
FNDA:0,errorMessage
FNDA:5,(anonymous_2)
FNDA:5,(anonymous_3)
FNDA:5,(anonymous_4)
FNDA:7,(anonymous_5)
FNDA:7,(anonymous_6)
FNDA:7,(anonymous_7)
FNDA:0,(anonymous_8)
FNDA:0,(anonymous_9)
FNDA:7,(anonymous_10)
FNDA:7,(anonymous_11)
FNDA:0,(anonymous_12)
FNDA:5,(anonymous_13)
FNDA:5,(anonymous_14)
FNDA:5,(anonymous_15)
FNDA:5,(anonymous_16)
FNDA:3,(anonymous_17)
FNDA:5,(anonymous_18)
FNDA:2,(anonymous_19)
DA:19,1
DA:20,1
DA:21,1
DA:23,1
DA:27,1
DA:29,1
DA:36,1
DA:39,1
DA:40,1
DA:43,1
DA:48,1
DA:52,1
DA:53,0
DA:56,1
DA:57,0
DA:59,1
DA:60,0
DA:62,1
DA:63,0
DA:68,0
DA:69,0
DA:72,0
DA:76,1
DA:79,5
DA:80,5
DA:81,5
DA:82,5
DA:86,5
DA:87,5
DA:88,5
DA:89,5
DA:93,5
DA:97,7
DA:98,7
DA:99,7
DA:103,7
DA:104,7
DA:106,7
DA:107,0
DA:108,0
DA:111,7
DA:112,0
DA:113,0
DA:115,7
DA:118,7
DA:122,7
DA:123,0
DA:128,0
DA:132,0
DA:134,0
DA:135,0
DA:136,0
DA:139,0
DA:140,0
DA:141,0
DA:142,0
DA:144,0
DA:145,0
DA:147,0
DA:151,7
DA:152,7
DA:153,7
DA:154,7
DA:156,7
DA:158,7
DA:160,7
DA:161,0
DA:162,0
DA:166,7
DA:170,7
DA:173,0
DA:174,0
DA:175,0
DA:182,7
DA:186,0
DA:190,5
DA:191,5
DA:192,0
DA:194,5
DA:196,5
DA:200,5
DA:204,5
DA:208,5
DA:210,5
DA:211,5
DA:212,5
DA:213,5
DA:215,5
DA:216,0
DA:221,0
DA:222,0
DA:224,5
DA:231,5
DA:232,5
DA:233,2
DA:241,3
DA:242,3
DA:243,3
DA:246,3
DA:250,3
DA:256,5
DA:264,3
DA:270,3
DA:274,5
DA:275,5
DA:276,4
DA:277,4
DA:281,1
DA:283,5
DA:287,2
DA:288,2
LF:111
LH:77
BRDA:53,1,0,0
BRDA:53,1,1,0
BRDA:53,2,0,0
BRDA:53,2,1,0
BRDA:68,3,0,0
BRDA:68,3,1,0
BRDA:68,4,0,0
BRDA:68,4,1,0
BRDA:80,5,0,5
BRDA:80,5,1,5
BRDA:106,6,0,7
BRDA:106,6,1,0
BRDA:111,7,0,0
BRDA:111,7,1,7
BRDA:122,8,0,0
BRDA:122,8,1,7
BRDA:134,9,0,0
BRDA:134,9,1,0
BRDA:140,10,0,0
BRDA:140,10,1,0
BRDA:156,11,0,7
BRDA:156,11,1,0
BRDA:160,12,0,0
BRDA:160,12,1,7
BRDA:191,13,0,0
BRDA:191,13,1,5
BRDA:194,14,0,0
BRDA:194,14,1,5
BRDA:200,15,0,1
BRDA:200,15,1,4
BRDA:204,16,0,5
BRDA:204,16,1,0
BRDA:215,17,0,0
BRDA:215,17,1,5
BRDA:232,18,0,2
BRDA:232,18,1,3
BRDA:232,19,0,5
BRDA:232,19,1,5
BRDA:242,20,0,3
BRDA:242,20,1,0
BRDA:275,21,0,4
BRDA:275,21,1,1
BRDA:275,22,0,5
BRDA:275,22,1,1
BRDA:277,23,0,2
BRDA:277,23,1,2
BRF:46
BRH:24
end_of_record
TN:
SF:/Users/batarypa/Workspaces/components/nodejs-twitter-crawler/lib/utilities/index.js
FNF:0
FNH:0
DA:19,1
DA:21,5
DA:23,1
LF:3
LH:3
BRF:0
BRH:0
end_of_record
TN:
SF:/Users/batarypa/Workspaces/components/nodejs-twitter-crawler/lib/credentials.js
FN:30,(anonymous_1)
FN:35,(anonymous_2)
FN:39,(anonymous_3)
FN:43,(anonymous_4)
FN:47,(anonymous_5)
FN:51,(anonymous_6)
FN:67,(anonymous_7)
FN:71,(anonymous_8)
FN:75,(anonymous_9)
FNF:9
FNH:9
FNDA:8,(anonymous_1)
FNDA:16,(anonymous_2)
FNDA:16,(anonymous_3)
FNDA:8,(anonymous_4)
FNDA:8,(anonymous_5)
FNDA:8,(anonymous_6)
FNDA:8,(anonymous_7)
FNDA:8,(anonymous_8)
FNDA:8,(anonymous_9)
DA:19,1
DA:28,1
DA:31,8
DA:36,16
DA:40,16
DA:44,8
DA:48,8
DA:52,8
DA:54,8
DA:55,32
DA:56,32
DA:57,0
DA:60,0
DA:61,0
DA:68,8
DA:72,8
DA:76,8
DA:77,0
DA:79,8
DA:80,0
DA:82,8
DA:84,8
DA:86,8
DA:87,0
DA:90,8
LF:25
LH:19
BRDA:36,1,0,16
BRDA:36,1,1,0
BRDA:48,2,0,8
BRDA:48,2,1,7
BRDA:55,3,0,32
BRDA:55,3,1,0
BRDA:56,4,0,0
BRDA:56,4,1,32
BRDA:60,5,0,0
BRDA:60,5,1,0
BRDA:76,6,0,0
BRDA:76,6,1,8
BRDA:79,7,0,0
BRDA:79,7,1,8
BRDA:82,8,0,1
BRDA:82,8,1,7
BRDA:86,9,0,0
BRDA:86,9,1,8
BRF:18
BRH:10
end_of_record
